<?xml version="1.0" encoding="UTF-8"?>
<testsuite xmlns:xsi="http://www.w3.org/2001/XMLSchema-instance" xsi:noNamespaceSchemaLocation="https://maven.apache.org/surefire/maven-surefire-plugin/xsd/surefire-test-report-3.0.xsd" version="3.0" name="edu.msudenver.cs.JCLO.TestJCLO" time="0.033" tests="10" errors="0" skipped="0" failures="0">
  <properties>
[...]
</properties>
  <testcase name="testjavalangIllegalArgumentException" classname="edu.msudenver.cs.JCLO.TestJCLO" time="0.003"/>
  <testcase name="test_enum" classname="edu.msudenver.cs.JCLO.TestJCLO" time="0.0"/>
  <testcase name="test_help" classname="edu.msudenver.cs.JCLO.TestJCLO" time="0.0"/>
  <testcase name="test_dotted" classname="edu.msudenver.cs.JCLO.TestJCLO" time="0.001"/>
  <testcase name="multiple_args" classname="edu.msudenver.cs.JCLO.TestJCLO" time="0.001"/>
  <testcase name="test_prefix" classname="edu.msudenver.cs.JCLO.TestJCLO" time="0.001"/>
  <testcase name="exeception" classname="edu.msudenver.cs.JCLO.TestJCLO" time="0.002"/>
  <testcase name="test_additionals" classname="edu.msudenver.cs.JCLO.TestJCLO" time="0.0"/>
  <testcase name="test_strings" classname="edu.msudenver.cs.JCLO.TestJCLO" time="0.0"/>
  <testcase name="single_booleans" classname="edu.msudenver.cs.JCLO.TestJCLO" time="0.001"/>
</testsuite>